<?xml version="1.0" encoding="UTF-8"?>
<Site BuildName="Win32-MSBuild"
	BuildStamp="20230909-0101-Experimental"
	Name="DESKTOP-RKIM02J"
	Generator="ctest-3.26.0-msvc3"
	CompilerName="D:/app/vs/ide/VC/Tools/MSVC/14.36.32532/bin/Hostx86/x64/cl.exe"
	CompilerVersion="19.36.32537.0"
	OSName="Windows"
	Hostname="DESKTOP-RKIM02J"
	OSRelease=" Personal"
	OSVersion=" (Build 22621)"
	OSPlatform="AMD64"
	Is64Bits="1"
	VendorString="GenuineIntel"
	VendorID="Intel Corporation"
	FamilyID="6"
	ModelID="7"
	ProcessorCacheSize="-1"
	NumberOfLogicalCPU="32"
	NumberOfPhysicalCPU="24"
	TotalVirtualMemory="20511"
	TotalPhysicalMemory="16159"
	LogicalProcessorsPerPhysical="1"
	ProcessorClockFrequency="2420"
	>
	<Testing>
		<StartDateTime>Sep 09 15:07 [NON-UTF-8-BYTE-0xD6]й[NON-UTF-8-BYTE-0xFA][NON-UTF-8-BYTE-0xB1][NON-UTF-8-BYTE-0xEA]׼ʱ[NON-UTF-8-BYTE-0xBC][NON-UTF-8-BYTE-0xE4]</StartDateTime>
		<StartTestTime>1694243265</StartTestTime>
		<TestList/>
		<EndDateTime>Sep 09 15:07 [NON-UTF-8-BYTE-0xD6]й[NON-UTF-8-BYTE-0xFA][NON-UTF-8-BYTE-0xB1][NON-UTF-8-BYTE-0xEA]׼ʱ[NON-UTF-8-BYTE-0xBC][NON-UTF-8-BYTE-0xE4]</EndDateTime>
		<EndTestTime>1694243265</EndTestTime>
		<ElapsedMinutes>0</ElapsedMinutes>
	</Testing>
</Site>
